d:\documents\uclan year two\graphics\assignment\skinning\x64\debug\vc142.pdb
d:\documents\uclan year two\graphics\assignment\skinning\x64\debug\vc142.idb
d:\documents\uclan year two\graphics\assignment\skinning\x64\debug\timer.obj
d:\documents\uclan year two\graphics\assignment\skinning\x64\debug\graphicshelpers.obj
d:\documents\uclan year two\graphics\assignment\skinning\x64\debug\input.obj
d:\documents\uclan year two\graphics\assignment\skinning\x64\debug\state.obj
d:\documents\uclan year two\graphics\assignment\skinning\x64\debug\mesh.obj
d:\documents\uclan year two\graphics\assignment\skinning\x64\debug\shader.obj
d:\documents\uclan year two\graphics\assignment\skinning\x64\debug\model.obj
d:\documents\uclan year two\graphics\assignment\skinning\x64\debug\cvector3.obj
d:\documents\uclan year two\graphics\assignment\skinning\x64\debug\cvector2.obj
d:\documents\uclan year two\graphics\assignment\skinning\x64\debug\cmatrix4x4.obj
d:\documents\uclan year two\graphics\assignment\skinning\x64\debug\main.obj
d:\documents\uclan year two\graphics\assignment\skinning\x64\debug\direct3dsetup.obj
d:\documents\uclan year two\graphics\assignment\skinning\x64\debug\camera.obj
d:\documents\uclan year two\graphics\assignment\skinning\x64\debug\scene.obj
d:\documents\uclan year two\graphics\assignment\skinning\lightmodel_ps.cso
d:\documents\uclan year two\graphics\assignment\skinning\basictransform_vs.cso
d:\documents\uclan year two\graphics\assignment\skinning\pixellighting_ps.cso
d:\documents\uclan year two\graphics\assignment\skinning\pixellighting_vs.cso
d:\documents\uclan year two\graphics\assignment\skinning\skinning_vs.cso
d:\documents\uclan year two\graphics\assignment\skinning\texturealpha_ps.cso
d:\documents\uclan year two\graphics\assignment\skinning\texturefade_ps.cso
d:\documents\uclan year two\graphics\assignment\skinning\wiggleshader_vs.cso
d:\documents\uclan year two\graphics\assignment\skinning\skinning.ilk
d:\documents\uclan year two\graphics\assignment\skinning\skinning.exe
d:\documents\uclan year two\graphics\assignment\skinning\skinning.pdb
d:\documents\uclan year two\graphics\assignment\skinning\\skinning.pdb
d:\documents\uclan year two\graphics\assignment\skinning\\skinning.ilk
d:\documents\uclan year two\graphics\assignment\skinning\x64\debug\skinning.tlog\cl.command.1.tlog
d:\documents\uclan year two\graphics\assignment\skinning\x64\debug\skinning.tlog\cl.read.1.tlog
d:\documents\uclan year two\graphics\assignment\skinning\x64\debug\skinning.tlog\cl.write.1.tlog
d:\documents\uclan year two\graphics\assignment\skinning\x64\debug\skinning.tlog\fxc.command.1.tlog
d:\documents\uclan year two\graphics\assignment\skinning\x64\debug\skinning.tlog\fxc.read.1.tlog
d:\documents\uclan year two\graphics\assignment\skinning\x64\debug\skinning.tlog\fxc.write.1.tlog
d:\documents\uclan year two\graphics\assignment\skinning\x64\debug\skinning.tlog\link.command.1.tlog
d:\documents\uclan year two\graphics\assignment\skinning\x64\debug\skinning.tlog\link.read.1.tlog
d:\documents\uclan year two\graphics\assignment\skinning\x64\debug\skinning.tlog\link.write.1.tlog
